2022-06-01 09:56:38,766:INFO:PyCaret Supervised Module
2022-06-01 09:56:38,768:INFO:ML Usecase: regression
2022-06-01 09:56:38,769:INFO:version 2.3.10
2022-06-01 09:56:38,769:INFO:Initializing setup()
2022-06-01 09:56:38,769:INFO:setup(target=Duration, ml_usecase=regression, available_plots={'parameter': 'Hyperparameters', 'residuals': 'Residuals', 'error': 'Prediction Error', 'cooks': 'Cooks Distance', 'rfe': 'Feature Selection', 'learning': 'Learning Curve', 'manifold': 'Manifold Learning', 'vc': 'Validation Curve', 'feature': 'Feature Importance', 'feature_all': 'Feature Importance (All)', 'tree': 'Decision Tree', 'residuals_interactive': 'Interactive Residuals'}, train_size=0.7, test_data=None, preprocess=True, imputation_type=simple, iterative_imputation_iters=5, categorical_features=None, categorical_imputation=constant, categorical_iterative_imputer=lightgbm, ordinal_features=None, high_cardinality_features=None, high_cardinality_method=frequency, numeric_features=None, numeric_imputation=mean, numeric_iterative_imputer=lightgbm, date_features=None, ignore_features=['Driver ID', 'Waybill Date', 'Actual Arrival Date', 'Plant'], normalize=True, normalize_method=zscore, transformation=False, transformation_method=yeo-johnson, handle_unknown_categorical=True, unknown_categorical_method=least_frequent, pca=False, pca_method=linear, pca_components=None, ignore_low_variance=False, combine_rare_levels=False, rare_level_threshold=0.1, bin_numeric_features=None, remove_outliers=False, outliers_threshold=0.05, remove_multicollinearity=False, multicollinearity_threshold=0.9, remove_perfect_collinearity=True, create_clusters=False, cluster_iter=20, polynomial_features=False, polynomial_degree=2, trigonometry_features=False, polynomial_threshold=0.1, group_features=None, group_names=None, feature_selection=False, feature_selection_threshold=0.8, feature_selection_method=classic, feature_interaction=False, feature_ratio=False, interaction_threshold=0.01, fix_imbalance=False, fix_imbalance_method=None, transform_target=False, transform_target_method=box-cox, data_split_shuffle=True, data_split_stratify=True, fold_strategy=kfold, fold=10, fold_shuffle=False, fold_groups=None, n_jobs=-1, use_gpu=False, custom_pipeline=None, html=True, session_id=123, log_experiment=True, experiment_name=ibese-trip-arrival-prediction, experiment_custom_tags=None, log_plots=['residuals', 'error', 'feature'], log_profile=True, log_data=True, silent=False, verbose=True, profile=True, profile_kwargs=None, display=None)
2022-06-01 09:56:38,770:INFO:Checking environment
2022-06-01 09:56:38,770:INFO:python_version: 3.7.3
2022-06-01 09:56:38,770:INFO:python_build: ('default', 'Mar 27 2019 17:13:21')
2022-06-01 09:56:38,771:INFO:machine: AMD64
2022-06-01 09:56:38,771:INFO:platform: Windows-10-10.0.19041-SP0
2022-06-01 09:56:38,771:INFO:Memory: svmem(total=8434626560, available=995958784, percent=88.2, used=7438667776, free=995958784)
2022-06-01 09:56:38,772:INFO:Physical Core: 2
2022-06-01 09:56:38,772:INFO:Logical Core: 4
2022-06-01 09:56:38,773:INFO:Checking libraries
2022-06-01 09:56:38,773:INFO:pd==1.3.5
2022-06-01 09:56:38,773:INFO:numpy==1.21.5
2022-06-01 09:56:38,774:INFO:sklearn==0.23.2
2022-06-01 09:56:38,774:INFO:lightgbm==3.3.2
2022-06-01 09:56:39,426:INFO:catboost==1.0.5
2022-06-01 09:56:39,426:INFO:xgboost==1.6.1
2022-06-01 09:56:39,426:INFO:mlflow==1.26.0
2022-06-01 09:56:39,426:INFO:Checking Exceptions
2022-06-01 09:56:39,427:INFO:Declaring global variables
2022-06-01 09:56:39,428:INFO:USI: 94e9
2022-06-01 09:56:39,428:INFO:pycaret_globals: {'fold_generator', 'y', '_available_plots', 'target_param', 'y_test', 'fold_groups_param', 'exp_name_log', 'X', 'fix_imbalance_method_param', 'imputation_classifier', '_all_metrics', 'X_train', 'experiment__', 'transform_target_method_param', '_internal_pipeline', 'fold_groups_param_full', 'master_model_container', 'stratify_param', 'prep_pipe', 'USI', '_ml_usecase', 'html_param', 'dashboard_logger', 'seed', 'iterative_imputation_iters_param', 'y_train', 'fold_param', 'X_test', '_gpu_n_jobs_param', 'gpu_param', 'create_model_container', 'log_plots_param', 'fix_imbalance_param', 'logging_param', 'display_container', 'imputation_regressor', '_all_models_internal', 'pycaret_globals', 'transform_target_param', 'n_jobs_param', 'fold_shuffle_param', 'data_before_preprocess', '_all_models'}
2022-06-01 09:56:39,428:INFO:Preparing display monitor
2022-06-01 09:56:39,429:INFO:Preparing display monitor
2022-06-01 09:56:39,609:INFO:Importing libraries
2022-06-01 09:56:39,609:INFO:Copying data for preprocessing
2022-06-01 09:56:39,641:INFO:Declaring preprocessing parameters
2022-06-01 09:56:39,808:INFO:Creating preprocessing pipeline
2022-06-01 09:56:40,432:INFO:Preprocessing pipeline created successfully
2022-06-01 09:56:40,432:ERROR:(Process Exit): setup has been interupted with user command 'quit'. setup must rerun.
2022-06-01 09:56:40,433:INFO:Creating global containers
2022-06-01 09:56:40,436:INFO:Internal pipeline: Pipeline(memory=None, steps=[('empty_step', 'passthrough')], verbose=False)
2022-06-01 09:57:50,900:INFO:Creating grid variables
2022-06-01 09:59:15,861:INFO:Logging experiment in MLFlow
2022-06-01 09:59:20,884:INFO:SubProcess save_model() called ==================================
2022-06-01 09:59:20,945:INFO:Initializing save_model()
2022-06-01 09:59:20,945:INFO:save_model(model=Pipeline(memory=None,
         steps=[('dtypes',
                 DataTypes_Auto_infer(categorical_features=[],
                                      display_types=True,
                                      features_todrop=['Driver ID',
                                                       'Waybill Date',
                                                       'Actual Arrival Date',
                                                       'Plant'],
                                      id_columns=[], ml_usecase='regression',
                                      numerical_features=[], target='Duration',
                                      time_features=[])),
                ('imputer',
                 Simple_Imputer(categorical_strategy='not_available',
                                fill_value_catego...
                ('P_transform', 'passthrough'), ('binn', 'passthrough'),
                ('rem_outliers', 'passthrough'), ('cluster_all', 'passthrough'),
                ('dummy', Dummify(target='Duration')),
                ('fix_perfect', Remove_100(target='Duration')),
                ('clean_names', Clean_Colum_Names()),
                ('feature_select', 'passthrough'), ('fix_multi', 'passthrough'),
                ('dfs', 'passthrough'), ('pca', 'passthrough')],
         verbose=False), model_name=Transformation Pipeline, prep_pipe_=Pipeline(memory=None,
         steps=[('dtypes',
                 DataTypes_Auto_infer(categorical_features=[],
                                      display_types=True,
                                      features_todrop=['Driver ID',
                                                       'Waybill Date',
                                                       'Actual Arrival Date',
                                                       'Plant'],
                                      id_columns=[], ml_usecase='regression',
                                      numerical_features=[], target='Duration',
                                      time_features=[])),
                ('imputer',
                 Simple_Imputer(categorical_strategy='not_available',
                                fill_value_catego...
                ('P_transform', 'passthrough'), ('binn', 'passthrough'),
                ('rem_outliers', 'passthrough'), ('cluster_all', 'passthrough'),
                ('dummy', Dummify(target='Duration')),
                ('fix_perfect', Remove_100(target='Duration')),
                ('clean_names', Clean_Colum_Names()),
                ('feature_select', 'passthrough'), ('fix_multi', 'passthrough'),
                ('dfs', 'passthrough'), ('pca', 'passthrough')],
         verbose=False), verbose=False, kwargs={})
2022-06-01 09:59:20,946:INFO:Adding model into prep_pipe
2022-06-01 09:59:20,956:WARNING:Only Model saved as it was a pipeline.
2022-06-01 09:59:20,977:INFO:Transformation Pipeline.pkl saved in current working directory
2022-06-01 09:59:21,020:INFO:Pipeline(memory=None,
         steps=[('dtypes',
                 DataTypes_Auto_infer(categorical_features=[],
                                      display_types=True,
                                      features_todrop=['Driver ID',
                                                       'Waybill Date',
                                                       'Actual Arrival Date',
                                                       'Plant'],
                                      id_columns=[], ml_usecase='regression',
                                      numerical_features=[], target='Duration',
                                      time_features=[])),
                ('imputer',
                 Simple_Imputer(categorical_strategy='not_available',
                                fill_value_catego...
                ('P_transform', 'passthrough'), ('binn', 'passthrough'),
                ('rem_outliers', 'passthrough'), ('cluster_all', 'passthrough'),
                ('dummy', Dummify(target='Duration')),
                ('fix_perfect', Remove_100(target='Duration')),
                ('clean_names', Clean_Colum_Names()),
                ('feature_select', 'passthrough'), ('fix_multi', 'passthrough'),
                ('dfs', 'passthrough'), ('pca', 'passthrough')],
         verbose=False)
2022-06-01 09:59:21,020:INFO:save_model() successfully completed......................................
2022-06-01 09:59:22,974:INFO:SubProcess save_model() end ==================================
2022-06-01 10:00:24,886:INFO:create_model_container: 0
2022-06-01 10:00:24,887:INFO:master_model_container: 0
2022-06-01 10:00:24,887:INFO:display_container: 1
2022-06-01 10:00:24,919:INFO:Pipeline(memory=None,
         steps=[('dtypes',
                 DataTypes_Auto_infer(categorical_features=[],
                                      display_types=True,
                                      features_todrop=['Driver ID',
                                                       'Waybill Date',
                                                       'Actual Arrival Date',
                                                       'Plant'],
                                      id_columns=[], ml_usecase='regression',
                                      numerical_features=[], target='Duration',
                                      time_features=[])),
                ('imputer',
                 Simple_Imputer(categorical_strategy='not_available',
                                fill_value_catego...
                ('P_transform', 'passthrough'), ('binn', 'passthrough'),
                ('rem_outliers', 'passthrough'), ('cluster_all', 'passthrough'),
                ('dummy', Dummify(target='Duration')),
                ('fix_perfect', Remove_100(target='Duration')),
                ('clean_names', Clean_Colum_Names()),
                ('feature_select', 'passthrough'), ('fix_multi', 'passthrough'),
                ('dfs', 'passthrough'), ('pca', 'passthrough')],
         verbose=False)
2022-06-01 10:00:24,919:INFO:setup() succesfully completed......................................
2022-06-01 10:00:27,257:INFO:Initializing compare_models()
2022-06-01 10:00:27,258:INFO:compare_models(include=None, fold=None, round=4, cross_validation=True, sort=R2, n_select=1, budget_time=None, turbo=True, errors=ignore, fit_kwargs=None, groups=None, experiment_custom_tags=None, probability_threshold=None, verbose=True, display=None, exclude=None)
2022-06-01 10:00:27,258:INFO:Checking exceptions
2022-06-01 10:00:27,258:INFO:Preparing display monitor
2022-06-01 10:00:27,259:INFO:Preparing display monitor
2022-06-01 10:00:27,385:INFO:Initializing Linear Regression
2022-06-01 10:00:27,385:INFO:Total runtime is 0.0 minutes
2022-06-01 10:00:27,443:INFO:SubProcess create_model() called ==================================
2022-06-01 10:00:27,443:INFO:Initializing create_model()
2022-06-01 10:00:27,444:INFO:create_model(estimator=lr, fold=KFold(n_splits=10, random_state=None, shuffle=False), round=4, cross_validation=True, predict=True, fit_kwargs={}, groups=None, refit=False, verbose=False, system=False, metrics=None, experiment_custom_tags=None, add_to_model_list=True, probability_threshold=None, display=<pycaret.internal.Display.Display object at 0x000001F011800DA0>, return_train_score=False, kwargs={})
2022-06-01 10:00:27,444:INFO:Checking exceptions
2022-06-01 10:00:27,444:INFO:Importing libraries
2022-06-01 10:00:27,444:INFO:Copying training dataset
2022-06-01 10:00:27,452:INFO:Defining folds
2022-06-01 10:00:27,452:INFO:Declaring metric variables
2022-06-01 10:00:27,507:INFO:Importing untrained model
2022-06-01 10:00:27,527:INFO:Linear Regression Imported succesfully
2022-06-01 10:00:27,640:INFO:Starting cross validation
2022-06-01 10:00:27,696:INFO:Cross validating with KFold(n_splits=10, random_state=None, shuffle=False), n_jobs=-1
2022-06-01 10:00:43,724:INFO:Calculating mean and std
2022-06-01 10:00:43,726:INFO:Creating metrics dataframe
2022-06-01 10:00:43,739:INFO:Uploading results into container
2022-06-01 10:00:43,739:INFO:Uploading model into container now
2022-06-01 10:00:43,740:INFO:create_model_container: 1
2022-06-01 10:00:43,740:INFO:master_model_container: 1
2022-06-01 10:00:43,740:INFO:display_container: 2
2022-06-01 10:00:43,740:INFO:LinearRegression(copy_X=True, fit_intercept=True, n_jobs=-1, normalize=False)
2022-06-01 10:00:43,741:INFO:create_model() succesfully completed......................................
2022-06-01 10:00:44,930:INFO:SubProcess create_model() end ==================================
2022-06-01 10:00:44,930:INFO:Creating metrics dataframe
2022-06-01 10:00:44,992:INFO:Initializing Lasso Regression
2022-06-01 10:00:44,993:INFO:Total runtime is 0.29345384041468303 minutes
2022-06-01 10:00:45,079:INFO:SubProcess create_model() called ==================================
2022-06-01 10:00:45,080:INFO:Initializing create_model()
2022-06-01 10:00:45,080:INFO:create_model(estimator=lasso, fold=KFold(n_splits=10, random_state=None, shuffle=False), round=4, cross_validation=True, predict=True, fit_kwargs={}, groups=None, refit=False, verbose=False, system=False, metrics=None, experiment_custom_tags=None, add_to_model_list=True, probability_threshold=None, display=<pycaret.internal.Display.Display object at 0x000001F011800DA0>, return_train_score=False, kwargs={})
2022-06-01 10:00:45,081:INFO:Checking exceptions
2022-06-01 10:00:45,081:INFO:Importing libraries
2022-06-01 10:00:45,081:INFO:Copying training dataset
2022-06-01 10:00:45,087:INFO:Defining folds
2022-06-01 10:00:45,088:INFO:Declaring metric variables
2022-06-01 10:00:45,110:INFO:Importing untrained model
2022-06-01 10:00:45,150:INFO:Lasso Regression Imported succesfully
2022-06-01 10:00:45,210:INFO:Starting cross validation
2022-06-01 10:00:45,213:INFO:Cross validating with KFold(n_splits=10, random_state=None, shuffle=False), n_jobs=-1
2022-06-01 10:00:46,257:INFO:Calculating mean and std
2022-06-01 10:00:46,265:INFO:Creating metrics dataframe
2022-06-01 10:00:46,281:INFO:Uploading results into container
2022-06-01 10:00:46,282:INFO:Uploading model into container now
2022-06-01 10:00:46,282:INFO:create_model_container: 2
2022-06-01 10:00:46,283:INFO:master_model_container: 2
2022-06-01 10:00:46,283:INFO:display_container: 2
2022-06-01 10:00:46,284:INFO:Lasso(alpha=1.0, copy_X=True, fit_intercept=True, max_iter=1000,
      normalize=False, positive=False, precompute=False, random_state=123,
      selection='cyclic', tol=0.0001, warm_start=False)
2022-06-01 10:00:46,284:INFO:create_model() succesfully completed......................................
2022-06-01 10:00:46,851:INFO:SubProcess create_model() end ==================================
2022-06-01 10:00:46,851:INFO:Creating metrics dataframe
2022-06-01 10:00:46,908:INFO:Initializing Ridge Regression
2022-06-01 10:00:46,908:INFO:Total runtime is 0.32538453737894696 minutes
2022-06-01 10:00:46,940:INFO:SubProcess create_model() called ==================================
2022-06-01 10:00:46,941:INFO:Initializing create_model()
2022-06-01 10:00:46,942:INFO:create_model(estimator=ridge, fold=KFold(n_splits=10, random_state=None, shuffle=False), round=4, cross_validation=True, predict=True, fit_kwargs={}, groups=None, refit=False, verbose=False, system=False, metrics=None, experiment_custom_tags=None, add_to_model_list=True, probability_threshold=None, display=<pycaret.internal.Display.Display object at 0x000001F011800DA0>, return_train_score=False, kwargs={})
2022-06-01 10:00:46,942:INFO:Checking exceptions
2022-06-01 10:00:46,943:INFO:Importing libraries
2022-06-01 10:00:46,945:INFO:Copying training dataset
2022-06-01 10:00:46,951:INFO:Defining folds
2022-06-01 10:00:46,951:INFO:Declaring metric variables
2022-06-01 10:00:46,974:INFO:Importing untrained model
2022-06-01 10:00:47,034:INFO:Ridge Regression Imported succesfully
2022-06-01 10:00:47,089:INFO:Starting cross validation
2022-06-01 10:00:47,090:INFO:Cross validating with KFold(n_splits=10, random_state=None, shuffle=False), n_jobs=-1
2022-06-01 10:00:48,015:INFO:Calculating mean and std
2022-06-01 10:00:48,017:INFO:Creating metrics dataframe
2022-06-01 10:00:48,031:INFO:Uploading results into container
2022-06-01 10:00:48,031:INFO:Uploading model into container now
2022-06-01 10:00:48,032:INFO:create_model_container: 3
2022-06-01 10:00:48,032:INFO:master_model_container: 3
2022-06-01 10:00:48,032:INFO:display_container: 2
2022-06-01 10:00:48,033:INFO:Ridge(alpha=1.0, copy_X=True, fit_intercept=True, max_iter=None,
      normalize=False, random_state=123, solver='auto', tol=0.001)
2022-06-01 10:00:48,033:INFO:create_model() succesfully completed......................................
2022-06-01 10:00:48,400:INFO:SubProcess create_model() end ==================================
2022-06-01 10:00:48,400:INFO:Creating metrics dataframe
2022-06-01 10:00:48,479:INFO:Initializing Elastic Net
2022-06-01 10:00:48,479:INFO:Total runtime is 0.35156511863072715 minutes
2022-06-01 10:00:48,530:INFO:SubProcess create_model() called ==================================
2022-06-01 10:00:48,531:INFO:Initializing create_model()
2022-06-01 10:00:48,532:INFO:create_model(estimator=en, fold=KFold(n_splits=10, random_state=None, shuffle=False), round=4, cross_validation=True, predict=True, fit_kwargs={}, groups=None, refit=False, verbose=False, system=False, metrics=None, experiment_custom_tags=None, add_to_model_list=True, probability_threshold=None, display=<pycaret.internal.Display.Display object at 0x000001F011800DA0>, return_train_score=False, kwargs={})
2022-06-01 10:00:48,532:INFO:Checking exceptions
2022-06-01 10:00:48,532:INFO:Importing libraries
2022-06-01 10:00:48,532:INFO:Copying training dataset
2022-06-01 10:00:48,538:INFO:Defining folds
2022-06-01 10:00:48,539:INFO:Declaring metric variables
2022-06-01 10:00:48,604:INFO:Importing untrained model
2022-06-01 10:00:48,629:INFO:Elastic Net Imported succesfully
2022-06-01 10:00:48,710:INFO:Starting cross validation
2022-06-01 10:00:48,712:INFO:Cross validating with KFold(n_splits=10, random_state=None, shuffle=False), n_jobs=-1
2022-06-01 10:00:49,669:INFO:Calculating mean and std
2022-06-01 10:00:49,671:INFO:Creating metrics dataframe
2022-06-01 10:00:49,683:INFO:Uploading results into container
2022-06-01 10:00:49,683:INFO:Uploading model into container now
2022-06-01 10:00:49,684:INFO:create_model_container: 4
2022-06-01 10:00:49,684:INFO:master_model_container: 4
2022-06-01 10:00:49,684:INFO:display_container: 2
2022-06-01 10:00:49,685:INFO:ElasticNet(alpha=1.0, copy_X=True, fit_intercept=True, l1_ratio=0.5,
           max_iter=1000, normalize=False, positive=False, precompute=False,
           random_state=123, selection='cyclic', tol=0.0001, warm_start=False)
2022-06-01 10:00:49,685:INFO:create_model() succesfully completed......................................
2022-06-01 10:00:50,084:INFO:SubProcess create_model() end ==================================
2022-06-01 10:00:50,085:INFO:Creating metrics dataframe
2022-06-01 10:00:50,146:INFO:Initializing Least Angle Regression
2022-06-01 10:00:50,147:INFO:Total runtime is 0.37936504681905114 minutes
2022-06-01 10:00:50,207:INFO:SubProcess create_model() called ==================================
2022-06-01 10:00:50,208:INFO:Initializing create_model()
2022-06-01 10:00:50,208:INFO:create_model(estimator=lar, fold=KFold(n_splits=10, random_state=None, shuffle=False), round=4, cross_validation=True, predict=True, fit_kwargs={}, groups=None, refit=False, verbose=False, system=False, metrics=None, experiment_custom_tags=None, add_to_model_list=True, probability_threshold=None, display=<pycaret.internal.Display.Display object at 0x000001F011800DA0>, return_train_score=False, kwargs={})
2022-06-01 10:00:50,209:INFO:Checking exceptions
2022-06-01 10:00:50,209:INFO:Importing libraries
2022-06-01 10:00:50,210:INFO:Copying training dataset
2022-06-01 10:00:50,217:INFO:Defining folds
2022-06-01 10:00:50,217:INFO:Declaring metric variables
2022-06-01 10:00:50,267:INFO:Importing untrained model
2022-06-01 10:00:50,287:INFO:Least Angle Regression Imported succesfully
2022-06-01 10:00:50,363:INFO:Starting cross validation
2022-06-01 10:00:50,364:INFO:Cross validating with KFold(n_splits=10, random_state=None, shuffle=False), n_jobs=-1
2022-06-01 10:00:51,607:INFO:Calculating mean and std
2022-06-01 10:00:51,613:INFO:Creating metrics dataframe
2022-06-01 10:00:51,624:INFO:Uploading results into container
2022-06-01 10:00:51,625:INFO:Uploading model into container now
2022-06-01 10:00:51,625:INFO:create_model_container: 5
2022-06-01 10:00:51,625:INFO:master_model_container: 5
2022-06-01 10:00:51,627:INFO:display_container: 2
2022-06-01 10:00:51,629:INFO:Lars(copy_X=True, eps=2.220446049250313e-16, fit_intercept=True, fit_path=True,
     jitter=None, n_nonzero_coefs=500, normalize=True, precompute='auto',
     random_state=123, verbose=False)
2022-06-01 10:00:51,629:INFO:create_model() succesfully completed......................................
2022-06-01 10:00:52,044:INFO:SubProcess create_model() end ==================================
2022-06-01 10:00:52,045:INFO:Creating metrics dataframe
2022-06-01 10:00:52,095:INFO:Initializing Lasso Least Angle Regression
2022-06-01 10:00:52,095:INFO:Total runtime is 0.4118301431337993 minutes
2022-06-01 10:00:52,157:INFO:SubProcess create_model() called ==================================
2022-06-01 10:00:52,158:INFO:Initializing create_model()
2022-06-01 10:00:52,159:INFO:create_model(estimator=llar, fold=KFold(n_splits=10, random_state=None, shuffle=False), round=4, cross_validation=True, predict=True, fit_kwargs={}, groups=None, refit=False, verbose=False, system=False, metrics=None, experiment_custom_tags=None, add_to_model_list=True, probability_threshold=None, display=<pycaret.internal.Display.Display object at 0x000001F011800DA0>, return_train_score=False, kwargs={})
2022-06-01 10:00:52,160:INFO:Checking exceptions
2022-06-01 10:00:52,161:INFO:Importing libraries
2022-06-01 10:00:52,161:INFO:Copying training dataset
2022-06-01 10:00:52,167:INFO:Defining folds
2022-06-01 10:00:52,168:INFO:Declaring metric variables
2022-06-01 10:00:52,204:INFO:Importing untrained model
2022-06-01 10:00:52,222:INFO:Lasso Least Angle Regression Imported succesfully
2022-06-01 10:00:52,291:INFO:Starting cross validation
2022-06-01 10:00:52,294:INFO:Cross validating with KFold(n_splits=10, random_state=None, shuffle=False), n_jobs=-1
2022-06-01 10:00:53,267:INFO:Calculating mean and std
2022-06-01 10:00:53,269:INFO:Creating metrics dataframe
2022-06-01 10:00:53,283:INFO:Uploading results into container
2022-06-01 10:00:53,283:INFO:Uploading model into container now
2022-06-01 10:00:53,283:INFO:create_model_container: 6
2022-06-01 10:00:53,284:INFO:master_model_container: 6
2022-06-01 10:00:53,284:INFO:display_container: 2
2022-06-01 10:00:53,285:INFO:LassoLars(alpha=1.0, copy_X=True, eps=2.220446049250313e-16, fit_intercept=True,
          fit_path=True, jitter=None, max_iter=500, normalize=True,
          positive=False, precompute='auto', random_state=123, verbose=False)
2022-06-01 10:00:53,286:INFO:create_model() succesfully completed......................................
2022-06-01 10:00:53,701:INFO:SubProcess create_model() end ==================================
2022-06-01 10:00:53,701:INFO:Creating metrics dataframe
2022-06-01 10:00:53,807:INFO:Initializing Orthogonal Matching Pursuit
2022-06-01 10:00:53,807:INFO:Total runtime is 0.4403624931971233 minutes
2022-06-01 10:00:53,828:INFO:SubProcess create_model() called ==================================
2022-06-01 10:00:53,829:INFO:Initializing create_model()
2022-06-01 10:00:53,830:INFO:create_model(estimator=omp, fold=KFold(n_splits=10, random_state=None, shuffle=False), round=4, cross_validation=True, predict=True, fit_kwargs={}, groups=None, refit=False, verbose=False, system=False, metrics=None, experiment_custom_tags=None, add_to_model_list=True, probability_threshold=None, display=<pycaret.internal.Display.Display object at 0x000001F011800DA0>, return_train_score=False, kwargs={})
2022-06-01 10:00:53,830:INFO:Checking exceptions
2022-06-01 10:00:53,831:INFO:Importing libraries
2022-06-01 10:00:53,831:INFO:Copying training dataset
2022-06-01 10:00:53,837:INFO:Defining folds
2022-06-01 10:00:53,837:INFO:Declaring metric variables
2022-06-01 10:00:53,880:INFO:Importing untrained model
2022-06-01 10:00:53,939:INFO:Orthogonal Matching Pursuit Imported succesfully
2022-06-01 10:00:54,002:INFO:Starting cross validation
2022-06-01 10:00:54,004:INFO:Cross validating with KFold(n_splits=10, random_state=None, shuffle=False), n_jobs=-1
2022-06-01 10:00:55,030:INFO:Calculating mean and std
2022-06-01 10:00:55,032:INFO:Creating metrics dataframe
2022-06-01 10:00:55,044:INFO:Uploading results into container
2022-06-01 10:00:55,044:INFO:Uploading model into container now
2022-06-01 10:00:55,044:INFO:create_model_container: 7
2022-06-01 10:00:55,045:INFO:master_model_container: 7
2022-06-01 10:00:55,045:INFO:display_container: 2
2022-06-01 10:00:55,046:INFO:OrthogonalMatchingPursuit(fit_intercept=True, n_nonzero_coefs=None,
                          normalize=True, precompute='auto', tol=None)
2022-06-01 10:00:55,046:INFO:create_model() succesfully completed......................................
2022-06-01 10:00:55,476:INFO:SubProcess create_model() end ==================================
2022-06-01 10:00:55,476:INFO:Creating metrics dataframe
2022-06-01 10:00:55,554:INFO:Initializing Bayesian Ridge
2022-06-01 10:00:55,554:INFO:Total runtime is 0.4694744547208151 minutes
2022-06-01 10:00:55,582:INFO:SubProcess create_model() called ==================================
2022-06-01 10:00:55,583:INFO:Initializing create_model()
2022-06-01 10:00:55,594:INFO:create_model(estimator=br, fold=KFold(n_splits=10, random_state=None, shuffle=False), round=4, cross_validation=True, predict=True, fit_kwargs={}, groups=None, refit=False, verbose=False, system=False, metrics=None, experiment_custom_tags=None, add_to_model_list=True, probability_threshold=None, display=<pycaret.internal.Display.Display object at 0x000001F011800DA0>, return_train_score=False, kwargs={})
2022-06-01 10:00:55,594:INFO:Checking exceptions
2022-06-01 10:00:55,594:INFO:Importing libraries
2022-06-01 10:00:55,594:INFO:Copying training dataset
2022-06-01 10:00:55,603:INFO:Defining folds
2022-06-01 10:00:55,604:INFO:Declaring metric variables
2022-06-01 10:00:55,633:INFO:Importing untrained model
2022-06-01 10:00:55,712:INFO:Bayesian Ridge Imported succesfully
2022-06-01 10:00:55,797:INFO:Starting cross validation
2022-06-01 10:00:55,798:INFO:Cross validating with KFold(n_splits=10, random_state=None, shuffle=False), n_jobs=-1
2022-06-01 10:00:58,593:INFO:Calculating mean and std
2022-06-01 10:00:58,596:INFO:Creating metrics dataframe
2022-06-01 10:00:58,610:INFO:Uploading results into container
2022-06-01 10:00:58,611:INFO:Uploading model into container now
2022-06-01 10:00:58,611:INFO:create_model_container: 8
2022-06-01 10:00:58,611:INFO:master_model_container: 8
2022-06-01 10:00:58,612:INFO:display_container: 2
2022-06-01 10:00:58,613:INFO:BayesianRidge(alpha_1=1e-06, alpha_2=1e-06, alpha_init=None,
              compute_score=False, copy_X=True, fit_intercept=True,
              lambda_1=1e-06, lambda_2=1e-06, lambda_init=None, n_iter=300,
              normalize=False, tol=0.001, verbose=False)
2022-06-01 10:00:58,613:INFO:create_model() succesfully completed......................................
2022-06-01 10:00:59,042:INFO:SubProcess create_model() end ==================================
2022-06-01 10:00:59,042:INFO:Creating metrics dataframe
2022-06-01 10:00:59,117:INFO:Initializing Passive Aggressive Regressor
2022-06-01 10:00:59,117:INFO:Total runtime is 0.5288680036862692 minutes
2022-06-01 10:00:59,149:INFO:SubProcess create_model() called ==================================
2022-06-01 10:00:59,150:INFO:Initializing create_model()
2022-06-01 10:00:59,150:INFO:create_model(estimator=par, fold=KFold(n_splits=10, random_state=None, shuffle=False), round=4, cross_validation=True, predict=True, fit_kwargs={}, groups=None, refit=False, verbose=False, system=False, metrics=None, experiment_custom_tags=None, add_to_model_list=True, probability_threshold=None, display=<pycaret.internal.Display.Display object at 0x000001F011800DA0>, return_train_score=False, kwargs={})
2022-06-01 10:00:59,150:INFO:Checking exceptions
2022-06-01 10:00:59,150:INFO:Importing libraries
2022-06-01 10:00:59,151:INFO:Copying training dataset
2022-06-01 10:00:59,156:INFO:Defining folds
2022-06-01 10:00:59,158:INFO:Declaring metric variables
2022-06-01 10:00:59,194:INFO:Importing untrained model
2022-06-01 10:00:59,264:INFO:Passive Aggressive Regressor Imported succesfully
2022-06-01 10:00:59,333:INFO:Starting cross validation
2022-06-01 10:00:59,336:INFO:Cross validating with KFold(n_splits=10, random_state=None, shuffle=False), n_jobs=-1
2022-06-01 10:01:01,908:INFO:Calculating mean and std
2022-06-01 10:01:01,911:INFO:Creating metrics dataframe
2022-06-01 10:01:01,923:INFO:Uploading results into container
2022-06-01 10:01:01,925:INFO:Uploading model into container now
2022-06-01 10:01:01,925:INFO:create_model_container: 9
2022-06-01 10:01:01,926:INFO:master_model_container: 9
2022-06-01 10:01:01,926:INFO:display_container: 2
2022-06-01 10:01:01,927:INFO:PassiveAggressiveRegressor(C=1.0, average=False, early_stopping=False,
                           epsilon=0.1, fit_intercept=True,
                           loss='epsilon_insensitive', max_iter=1000,
                           n_iter_no_change=5, random_state=123, shuffle=True,
                           tol=0.001, validation_fraction=0.1, verbose=0,
                           warm_start=False)
2022-06-01 10:01:01,927:INFO:create_model() succesfully completed......................................
2022-06-01 10:01:02,309:INFO:SubProcess create_model() end ==================================
2022-06-01 10:01:02,309:INFO:Creating metrics dataframe
2022-06-01 10:01:02,416:INFO:Initializing Huber Regressor
2022-06-01 10:01:02,417:INFO:Total runtime is 0.5838419715563457 minutes
2022-06-01 10:01:02,446:INFO:SubProcess create_model() called ==================================
2022-06-01 10:01:02,446:INFO:Initializing create_model()
2022-06-01 10:01:02,447:INFO:create_model(estimator=huber, fold=KFold(n_splits=10, random_state=None, shuffle=False), round=4, cross_validation=True, predict=True, fit_kwargs={}, groups=None, refit=False, verbose=False, system=False, metrics=None, experiment_custom_tags=None, add_to_model_list=True, probability_threshold=None, display=<pycaret.internal.Display.Display object at 0x000001F011800DA0>, return_train_score=False, kwargs={})
2022-06-01 10:01:02,447:INFO:Checking exceptions
2022-06-01 10:01:02,447:INFO:Importing libraries
2022-06-01 10:01:02,447:INFO:Copying training dataset
2022-06-01 10:01:02,495:INFO:Defining folds
2022-06-01 10:01:02,495:INFO:Declaring metric variables
2022-06-01 10:01:02,517:INFO:Importing untrained model
2022-06-01 10:01:02,560:INFO:Huber Regressor Imported succesfully
2022-06-01 10:01:02,629:INFO:Starting cross validation
2022-06-01 10:01:02,631:INFO:Cross validating with KFold(n_splits=10, random_state=None, shuffle=False), n_jobs=-1
2022-06-01 10:01:10,242:INFO:Calculating mean and std
2022-06-01 10:01:10,245:INFO:Creating metrics dataframe
2022-06-01 10:01:10,260:INFO:Uploading results into container
2022-06-01 10:01:10,261:INFO:Uploading model into container now
2022-06-01 10:01:10,261:INFO:create_model_container: 10
2022-06-01 10:01:10,262:INFO:master_model_container: 10
2022-06-01 10:01:10,262:INFO:display_container: 2
2022-06-01 10:01:10,263:INFO:HuberRegressor(alpha=0.0001, epsilon=1.35, fit_intercept=True, max_iter=100,
               tol=1e-05, warm_start=False)
2022-06-01 10:01:10,264:INFO:create_model() succesfully completed......................................
2022-06-01 10:01:10,810:INFO:SubProcess create_model() end ==================================
2022-06-01 10:01:10,811:INFO:Creating metrics dataframe
2022-06-01 10:01:10,889:INFO:Initializing K Neighbors Regressor
2022-06-01 10:01:10,911:INFO:Total runtime is 0.7254407207171123 minutes
2022-06-01 10:01:10,937:INFO:SubProcess create_model() called ==================================
2022-06-01 10:01:10,939:INFO:Initializing create_model()
2022-06-01 10:01:10,939:INFO:create_model(estimator=knn, fold=KFold(n_splits=10, random_state=None, shuffle=False), round=4, cross_validation=True, predict=True, fit_kwargs={}, groups=None, refit=False, verbose=False, system=False, metrics=None, experiment_custom_tags=None, add_to_model_list=True, probability_threshold=None, display=<pycaret.internal.Display.Display object at 0x000001F011800DA0>, return_train_score=False, kwargs={})
2022-06-01 10:01:10,940:INFO:Checking exceptions
2022-06-01 10:01:10,940:INFO:Importing libraries
2022-06-01 10:01:10,940:INFO:Copying training dataset
2022-06-01 10:01:10,946:INFO:Defining folds
2022-06-01 10:01:10,947:INFO:Declaring metric variables
2022-06-01 10:01:11,001:INFO:Importing untrained model
2022-06-01 10:01:11,062:INFO:K Neighbors Regressor Imported succesfully
2022-06-01 10:01:11,145:INFO:Starting cross validation
2022-06-01 10:01:11,146:INFO:Cross validating with KFold(n_splits=10, random_state=None, shuffle=False), n_jobs=-1
2022-06-01 10:02:05,566:INFO:Calculating mean and std
2022-06-01 10:02:05,568:INFO:Creating metrics dataframe
2022-06-01 10:02:05,597:INFO:Uploading results into container
2022-06-01 10:02:05,598:INFO:Uploading model into container now
2022-06-01 10:02:05,598:INFO:create_model_container: 11
2022-06-01 10:02:05,598:INFO:master_model_container: 11
2022-06-01 10:02:05,599:INFO:display_container: 2
2022-06-01 10:02:05,600:INFO:KNeighborsRegressor(algorithm='auto', leaf_size=30, metric='minkowski',
                    metric_params=None, n_jobs=-1, n_neighbors=5, p=2,
                    weights='uniform')
2022-06-01 10:02:05,600:INFO:create_model() succesfully completed......................................
2022-06-01 10:02:05,968:INFO:SubProcess create_model() end ==================================
2022-06-01 10:02:05,969:INFO:Creating metrics dataframe
2022-06-01 10:02:06,047:INFO:Initializing Decision Tree Regressor
2022-06-01 10:02:06,047:INFO:Total runtime is 1.6443668723106386 minutes
2022-06-01 10:02:06,069:INFO:SubProcess create_model() called ==================================
2022-06-01 10:02:06,070:INFO:Initializing create_model()
2022-06-01 10:02:06,098:INFO:create_model(estimator=dt, fold=KFold(n_splits=10, random_state=None, shuffle=False), round=4, cross_validation=True, predict=True, fit_kwargs={}, groups=None, refit=False, verbose=False, system=False, metrics=None, experiment_custom_tags=None, add_to_model_list=True, probability_threshold=None, display=<pycaret.internal.Display.Display object at 0x000001F011800DA0>, return_train_score=False, kwargs={})
2022-06-01 10:02:06,099:INFO:Checking exceptions
2022-06-01 10:02:06,099:INFO:Importing libraries
2022-06-01 10:02:06,099:INFO:Copying training dataset
2022-06-01 10:02:06,104:INFO:Defining folds
2022-06-01 10:02:06,104:INFO:Declaring metric variables
2022-06-01 10:02:06,127:INFO:Importing untrained model
2022-06-01 10:02:06,168:INFO:Decision Tree Regressor Imported succesfully
2022-06-01 10:02:06,233:INFO:Starting cross validation
2022-06-01 10:02:06,235:INFO:Cross validating with KFold(n_splits=10, random_state=None, shuffle=False), n_jobs=-1
2022-06-01 10:02:11,533:INFO:Calculating mean and std
2022-06-01 10:02:11,535:INFO:Creating metrics dataframe
2022-06-01 10:02:11,547:INFO:Uploading results into container
2022-06-01 10:02:11,548:INFO:Uploading model into container now
2022-06-01 10:02:11,548:INFO:create_model_container: 12
2022-06-01 10:02:11,548:INFO:master_model_container: 12
2022-06-01 10:02:11,549:INFO:display_container: 2
2022-06-01 10:02:11,550:INFO:DecisionTreeRegressor(ccp_alpha=0.0, criterion='mse', max_depth=None,
                      max_features=None, max_leaf_nodes=None,
                      min_impurity_decrease=0.0, min_impurity_split=None,
                      min_samples_leaf=1, min_samples_split=2,
                      min_weight_fraction_leaf=0.0, presort='deprecated',
                      random_state=123, splitter='best')
2022-06-01 10:02:11,550:INFO:create_model() succesfully completed......................................
2022-06-01 10:02:11,930:INFO:SubProcess create_model() end ==================================
2022-06-01 10:02:11,930:INFO:Creating metrics dataframe
2022-06-01 10:02:11,994:INFO:Initializing Random Forest Regressor
2022-06-01 10:02:11,994:INFO:Total runtime is 1.7434829433759056 minutes
2022-06-01 10:02:12,048:INFO:SubProcess create_model() called ==================================
2022-06-01 10:02:12,049:INFO:Initializing create_model()
2022-06-01 10:02:12,049:INFO:create_model(estimator=rf, fold=KFold(n_splits=10, random_state=None, shuffle=False), round=4, cross_validation=True, predict=True, fit_kwargs={}, groups=None, refit=False, verbose=False, system=False, metrics=None, experiment_custom_tags=None, add_to_model_list=True, probability_threshold=None, display=<pycaret.internal.Display.Display object at 0x000001F011800DA0>, return_train_score=False, kwargs={})
2022-06-01 10:02:12,050:INFO:Checking exceptions
2022-06-01 10:02:12,050:INFO:Importing libraries
2022-06-01 10:02:12,050:INFO:Copying training dataset
2022-06-01 10:02:12,057:INFO:Defining folds
2022-06-01 10:02:12,058:INFO:Declaring metric variables
2022-06-01 10:02:12,076:INFO:Importing untrained model
2022-06-01 10:02:12,147:INFO:Random Forest Regressor Imported succesfully
2022-06-01 10:02:12,237:INFO:Starting cross validation
2022-06-01 10:02:12,239:INFO:Cross validating with KFold(n_splits=10, random_state=None, shuffle=False), n_jobs=-1
2022-06-01 10:05:12,470:INFO:Calculating mean and std
2022-06-01 10:05:12,474:INFO:Creating metrics dataframe
2022-06-01 10:05:12,485:INFO:Uploading results into container
2022-06-01 10:05:12,486:INFO:Uploading model into container now
2022-06-01 10:05:12,486:INFO:create_model_container: 13
2022-06-01 10:05:12,486:INFO:master_model_container: 13
2022-06-01 10:05:12,487:INFO:display_container: 2
2022-06-01 10:05:12,488:INFO:RandomForestRegressor(bootstrap=True, ccp_alpha=0.0, criterion='mse',
                      max_depth=None, max_features='auto', max_leaf_nodes=None,
                      max_samples=None, min_impurity_decrease=0.0,
                      min_impurity_split=None, min_samples_leaf=1,
                      min_samples_split=2, min_weight_fraction_leaf=0.0,
                      n_estimators=100, n_jobs=-1, oob_score=False,
                      random_state=123, verbose=0, warm_start=False)
2022-06-01 10:05:12,488:INFO:create_model() succesfully completed......................................
2022-06-01 10:05:12,866:INFO:SubProcess create_model() end ==================================
2022-06-01 10:05:12,866:INFO:Creating metrics dataframe
2022-06-01 10:05:12,973:INFO:Initializing Extra Trees Regressor
2022-06-01 10:05:12,973:INFO:Total runtime is 4.75979653596878 minutes
2022-06-01 10:05:12,996:INFO:SubProcess create_model() called ==================================
2022-06-01 10:05:12,997:INFO:Initializing create_model()
2022-06-01 10:05:12,998:INFO:create_model(estimator=et, fold=KFold(n_splits=10, random_state=None, shuffle=False), round=4, cross_validation=True, predict=True, fit_kwargs={}, groups=None, refit=False, verbose=False, system=False, metrics=None, experiment_custom_tags=None, add_to_model_list=True, probability_threshold=None, display=<pycaret.internal.Display.Display object at 0x000001F011800DA0>, return_train_score=False, kwargs={})
2022-06-01 10:05:12,998:INFO:Checking exceptions
2022-06-01 10:05:12,998:INFO:Importing libraries
2022-06-01 10:05:12,998:INFO:Copying training dataset
2022-06-01 10:05:13,034:INFO:Defining folds
2022-06-01 10:05:13,034:INFO:Declaring metric variables
2022-06-01 10:05:13,051:INFO:Importing untrained model
2022-06-01 10:05:13,097:INFO:Extra Trees Regressor Imported succesfully
2022-06-01 10:05:13,189:INFO:Starting cross validation
2022-06-01 10:05:13,190:INFO:Cross validating with KFold(n_splits=10, random_state=None, shuffle=False), n_jobs=-1
2022-06-01 10:09:21,298:INFO:Calculating mean and std
2022-06-01 10:09:21,301:INFO:Creating metrics dataframe
2022-06-01 10:09:21,316:INFO:Uploading results into container
2022-06-01 10:09:21,316:INFO:Uploading model into container now
2022-06-01 10:09:21,317:INFO:create_model_container: 14
2022-06-01 10:09:21,317:INFO:master_model_container: 14
2022-06-01 10:09:21,317:INFO:display_container: 2
2022-06-01 10:09:21,321:INFO:ExtraTreesRegressor(bootstrap=False, ccp_alpha=0.0, criterion='mse',
                    max_depth=None, max_features='auto', max_leaf_nodes=None,
                    max_samples=None, min_impurity_decrease=0.0,
                    min_impurity_split=None, min_samples_leaf=1,
                    min_samples_split=2, min_weight_fraction_leaf=0.0,
                    n_estimators=100, n_jobs=-1, oob_score=False,
                    random_state=123, verbose=0, warm_start=False)
2022-06-01 10:09:21,321:INFO:create_model() succesfully completed......................................
2022-06-01 10:09:21,845:INFO:SubProcess create_model() end ==================================
2022-06-01 10:09:21,845:INFO:Creating metrics dataframe
2022-06-01 10:09:21,983:INFO:Initializing AdaBoost Regressor
2022-06-01 10:09:21,984:INFO:Total runtime is 8.90997625986735 minutes
2022-06-01 10:09:22,037:INFO:SubProcess create_model() called ==================================
2022-06-01 10:09:22,038:INFO:Initializing create_model()
2022-06-01 10:09:22,038:INFO:create_model(estimator=ada, fold=KFold(n_splits=10, random_state=None, shuffle=False), round=4, cross_validation=True, predict=True, fit_kwargs={}, groups=None, refit=False, verbose=False, system=False, metrics=None, experiment_custom_tags=None, add_to_model_list=True, probability_threshold=None, display=<pycaret.internal.Display.Display object at 0x000001F011800DA0>, return_train_score=False, kwargs={})
2022-06-01 10:09:22,039:INFO:Checking exceptions
2022-06-01 10:09:22,039:INFO:Importing libraries
2022-06-01 10:09:22,039:INFO:Copying training dataset
2022-06-01 10:09:22,044:INFO:Defining folds
2022-06-01 10:09:22,045:INFO:Declaring metric variables
2022-06-01 10:09:22,063:INFO:Importing untrained model
2022-06-01 10:09:22,133:INFO:AdaBoost Regressor Imported succesfully
2022-06-01 10:09:22,275:INFO:Starting cross validation
2022-06-01 10:09:22,276:INFO:Cross validating with KFold(n_splits=10, random_state=None, shuffle=False), n_jobs=-1
2022-06-01 10:09:50,826:INFO:Calculating mean and std
2022-06-01 10:09:50,828:INFO:Creating metrics dataframe
2022-06-01 10:09:50,839:INFO:Uploading results into container
2022-06-01 10:09:50,840:INFO:Uploading model into container now
2022-06-01 10:09:50,840:INFO:create_model_container: 15
2022-06-01 10:09:50,840:INFO:master_model_container: 15
2022-06-01 10:09:50,841:INFO:display_container: 2
2022-06-01 10:09:50,844:INFO:AdaBoostRegressor(base_estimator=None, learning_rate=1.0, loss='linear',
                  n_estimators=50, random_state=123)
2022-06-01 10:09:50,844:INFO:create_model() succesfully completed......................................
2022-06-01 10:09:51,211:INFO:SubProcess create_model() end ==================================
2022-06-01 10:09:51,212:INFO:Creating metrics dataframe
2022-06-01 10:09:51,276:INFO:Initializing Gradient Boosting Regressor
2022-06-01 10:09:51,277:INFO:Total runtime is 9.398206933339436 minutes
2022-06-01 10:09:51,316:INFO:SubProcess create_model() called ==================================
2022-06-01 10:09:51,317:INFO:Initializing create_model()
2022-06-01 10:09:51,317:INFO:create_model(estimator=gbr, fold=KFold(n_splits=10, random_state=None, shuffle=False), round=4, cross_validation=True, predict=True, fit_kwargs={}, groups=None, refit=False, verbose=False, system=False, metrics=None, experiment_custom_tags=None, add_to_model_list=True, probability_threshold=None, display=<pycaret.internal.Display.Display object at 0x000001F011800DA0>, return_train_score=False, kwargs={})
2022-06-01 10:09:51,318:INFO:Checking exceptions
2022-06-01 10:09:51,318:INFO:Importing libraries
2022-06-01 10:09:51,318:INFO:Copying training dataset
2022-06-01 10:09:51,325:INFO:Defining folds
2022-06-01 10:09:51,325:INFO:Declaring metric variables
2022-06-01 10:09:51,376:INFO:Importing untrained model
2022-06-01 10:09:51,401:INFO:Gradient Boosting Regressor Imported succesfully
2022-06-01 10:09:51,450:INFO:Starting cross validation
2022-06-01 10:09:51,452:INFO:Cross validating with KFold(n_splits=10, random_state=None, shuffle=False), n_jobs=-1
2022-06-01 10:11:17,887:INFO:Calculating mean and std
2022-06-01 10:11:17,895:INFO:Creating metrics dataframe
2022-06-01 10:11:17,915:INFO:Uploading results into container
2022-06-01 10:11:17,916:INFO:Uploading model into container now
2022-06-01 10:11:17,916:INFO:create_model_container: 16
2022-06-01 10:11:17,916:INFO:master_model_container: 16
2022-06-01 10:11:17,916:INFO:display_container: 2
2022-06-01 10:11:17,919:INFO:GradientBoostingRegressor(alpha=0.9, ccp_alpha=0.0, criterion='friedman_mse',
                          init=None, learning_rate=0.1, loss='ls', max_depth=3,
                          max_features=None, max_leaf_nodes=None,
                          min_impurity_decrease=0.0, min_impurity_split=None,
                          min_samples_leaf=1, min_samples_split=2,
                          min_weight_fraction_leaf=0.0, n_estimators=100,
                          n_iter_no_change=None, presort='deprecated',
                          random_state=123, subsample=1.0, tol=0.0001,
                          validation_fraction=0.1, verbose=0, warm_start=False)
2022-06-01 10:11:17,919:INFO:create_model() succesfully completed......................................
2022-06-01 10:11:18,218:INFO:SubProcess create_model() end ==================================
2022-06-01 10:11:18,218:INFO:Creating metrics dataframe
2022-06-01 10:11:18,281:INFO:Initializing Extreme Gradient Boosting
2022-06-01 10:11:18,281:INFO:Total runtime is 10.848259429136911 minutes
2022-06-01 10:11:18,306:INFO:SubProcess create_model() called ==================================
2022-06-01 10:11:18,308:INFO:Initializing create_model()
2022-06-01 10:11:18,309:INFO:create_model(estimator=xgboost, fold=KFold(n_splits=10, random_state=None, shuffle=False), round=4, cross_validation=True, predict=True, fit_kwargs={}, groups=None, refit=False, verbose=False, system=False, metrics=None, experiment_custom_tags=None, add_to_model_list=True, probability_threshold=None, display=<pycaret.internal.Display.Display object at 0x000001F011800DA0>, return_train_score=False, kwargs={})
2022-06-01 10:11:18,309:INFO:Checking exceptions
2022-06-01 10:11:18,310:INFO:Importing libraries
2022-06-01 10:11:18,310:INFO:Copying training dataset
2022-06-01 10:11:18,318:INFO:Defining folds
2022-06-01 10:11:18,318:INFO:Declaring metric variables
2022-06-01 10:11:18,340:INFO:Importing untrained model
2022-06-01 10:11:18,369:INFO:Extreme Gradient Boosting Imported succesfully
2022-06-01 10:11:18,418:INFO:Starting cross validation
2022-06-01 10:11:18,424:INFO:Cross validating with KFold(n_splits=10, random_state=None, shuffle=False), n_jobs=-1
2022-06-01 10:12:59,797:INFO:Calculating mean and std
2022-06-01 10:12:59,802:INFO:Creating metrics dataframe
2022-06-01 10:12:59,819:INFO:Uploading results into container
2022-06-01 10:12:59,819:INFO:Uploading model into container now
2022-06-01 10:12:59,820:INFO:create_model_container: 17
2022-06-01 10:12:59,820:INFO:master_model_container: 17
2022-06-01 10:12:59,820:INFO:display_container: 2
2022-06-01 10:12:59,823:INFO:XGBRegressor(base_score=None, booster='gbtree', callbacks=None,
             colsample_bylevel=None, colsample_bynode=None,
             colsample_bytree=None, early_stopping_rounds=None,
             enable_categorical=False, eval_metric=None, gamma=None,
             gpu_id=None, grow_policy=None, importance_type=None,
             interaction_constraints=None, learning_rate=None, max_bin=None,
             max_cat_to_onehot=None, max_delta_step=None, max_depth=None,
             max_leaves=None, min_child_weight=None, missing=nan,
             monotone_constraints=None, n_estimators=100, n_jobs=-1,
             num_parallel_tree=None, objective='reg:squarederror',
             predictor=None, random_state=123, reg_alpha=None, ...)
2022-06-01 10:12:59,823:INFO:create_model() succesfully completed......................................
2022-06-01 10:13:00,123:INFO:SubProcess create_model() end ==================================
2022-06-01 10:13:00,124:INFO:Creating metrics dataframe
2022-06-01 10:13:00,210:INFO:Initializing Light Gradient Boosting Machine
2022-06-01 10:13:00,210:INFO:Total runtime is 12.547080572446188 minutes
2022-06-01 10:13:00,240:INFO:SubProcess create_model() called ==================================
2022-06-01 10:13:00,241:INFO:Initializing create_model()
2022-06-01 10:13:00,242:INFO:create_model(estimator=lightgbm, fold=KFold(n_splits=10, random_state=None, shuffle=False), round=4, cross_validation=True, predict=True, fit_kwargs={}, groups=None, refit=False, verbose=False, system=False, metrics=None, experiment_custom_tags=None, add_to_model_list=True, probability_threshold=None, display=<pycaret.internal.Display.Display object at 0x000001F011800DA0>, return_train_score=False, kwargs={})
2022-06-01 10:13:00,242:INFO:Checking exceptions
2022-06-01 10:13:00,243:INFO:Importing libraries
2022-06-01 10:13:00,243:INFO:Copying training dataset
2022-06-01 10:13:00,251:INFO:Defining folds
2022-06-01 10:13:00,251:INFO:Declaring metric variables
2022-06-01 10:13:00,275:INFO:Importing untrained model
2022-06-01 10:13:00,308:INFO:Light Gradient Boosting Machine Imported succesfully
2022-06-01 10:13:00,361:INFO:Starting cross validation
2022-06-01 10:13:00,364:INFO:Cross validating with KFold(n_splits=10, random_state=None, shuffle=False), n_jobs=-1
2022-06-01 10:13:09,350:INFO:Calculating mean and std
2022-06-01 10:13:09,353:INFO:Creating metrics dataframe
2022-06-01 10:13:09,373:INFO:Uploading results into container
2022-06-01 10:13:09,373:INFO:Uploading model into container now
2022-06-01 10:13:09,374:INFO:create_model_container: 18
2022-06-01 10:13:09,374:INFO:master_model_container: 18
2022-06-01 10:13:09,374:INFO:display_container: 2
2022-06-01 10:13:09,437:INFO:LGBMRegressor(boosting_type='gbdt', class_weight=None, colsample_bytree=1.0,
              importance_type='split', learning_rate=0.1, max_depth=-1,
              min_child_samples=20, min_child_weight=0.001, min_split_gain=0.0,
              n_estimators=100, n_jobs=-1, num_leaves=31, objective=None,
              random_state=123, reg_alpha=0.0, reg_lambda=0.0, silent='warn',
              subsample=1.0, subsample_for_bin=200000, subsample_freq=0)
2022-06-01 10:13:09,437:INFO:create_model() succesfully completed......................................
2022-06-01 10:13:09,736:INFO:SubProcess create_model() end ==================================
2022-06-01 10:13:09,736:INFO:Creating metrics dataframe
2022-06-01 10:13:09,816:INFO:Initializing CatBoost Regressor
2022-06-01 10:13:09,817:INFO:Total runtime is 12.70719831387202 minutes
2022-06-01 10:13:09,845:INFO:SubProcess create_model() called ==================================
2022-06-01 10:13:09,849:INFO:Initializing create_model()
2022-06-01 10:13:09,849:INFO:create_model(estimator=catboost, fold=KFold(n_splits=10, random_state=None, shuffle=False), round=4, cross_validation=True, predict=True, fit_kwargs={}, groups=None, refit=False, verbose=False, system=False, metrics=None, experiment_custom_tags=None, add_to_model_list=True, probability_threshold=None, display=<pycaret.internal.Display.Display object at 0x000001F011800DA0>, return_train_score=False, kwargs={})
2022-06-01 10:13:09,849:INFO:Checking exceptions
2022-06-01 10:13:09,849:INFO:Importing libraries
2022-06-01 10:13:09,850:INFO:Copying training dataset
2022-06-01 10:13:09,887:INFO:Defining folds
2022-06-01 10:13:09,888:INFO:Declaring metric variables
2022-06-01 10:13:09,921:INFO:Importing untrained model
2022-06-01 10:13:09,982:INFO:CatBoost Regressor Imported succesfully
2022-06-01 10:13:10,041:INFO:Starting cross validation
2022-06-01 10:13:10,044:INFO:Cross validating with KFold(n_splits=10, random_state=None, shuffle=False), n_jobs=-1
2022-06-01 10:15:19,419:INFO:Calculating mean and std
2022-06-01 10:15:19,421:INFO:Creating metrics dataframe
2022-06-01 10:15:19,438:INFO:Uploading results into container
2022-06-01 10:15:19,438:INFO:Uploading model into container now
2022-06-01 10:15:19,439:INFO:create_model_container: 19
2022-06-01 10:15:19,439:INFO:master_model_container: 19
2022-06-01 10:15:19,439:INFO:display_container: 2
2022-06-01 10:15:19,440:INFO:<catboost.core.CatBoostRegressor object at 0x000001F01F224400>
2022-06-01 10:15:19,440:INFO:create_model() succesfully completed......................................
2022-06-01 10:15:19,719:INFO:SubProcess create_model() end ==================================
2022-06-01 10:15:19,719:INFO:Creating metrics dataframe
2022-06-01 10:15:19,794:INFO:Initializing Dummy Regressor
2022-06-01 10:15:19,795:INFO:Total runtime is 14.873498964309693 minutes
2022-06-01 10:15:19,823:INFO:SubProcess create_model() called ==================================
2022-06-01 10:15:19,824:INFO:Initializing create_model()
2022-06-01 10:15:19,824:INFO:create_model(estimator=dummy, fold=KFold(n_splits=10, random_state=None, shuffle=False), round=4, cross_validation=True, predict=True, fit_kwargs={}, groups=None, refit=False, verbose=False, system=False, metrics=None, experiment_custom_tags=None, add_to_model_list=True, probability_threshold=None, display=<pycaret.internal.Display.Display object at 0x000001F011800DA0>, return_train_score=False, kwargs={})
2022-06-01 10:15:19,824:INFO:Checking exceptions
2022-06-01 10:15:19,825:INFO:Importing libraries
2022-06-01 10:15:19,825:INFO:Copying training dataset
2022-06-01 10:15:19,832:INFO:Defining folds
2022-06-01 10:15:19,832:INFO:Declaring metric variables
2022-06-01 10:15:19,855:INFO:Importing untrained model
2022-06-01 10:15:19,882:INFO:Dummy Regressor Imported succesfully
2022-06-01 10:15:19,928:INFO:Starting cross validation
2022-06-01 10:15:19,929:INFO:Cross validating with KFold(n_splits=10, random_state=None, shuffle=False), n_jobs=-1
2022-06-01 10:15:20,438:INFO:Calculating mean and std
2022-06-01 10:15:20,442:INFO:Creating metrics dataframe
2022-06-01 10:15:20,458:INFO:Uploading results into container
2022-06-01 10:15:20,458:INFO:Uploading model into container now
2022-06-01 10:15:20,459:INFO:create_model_container: 20
2022-06-01 10:15:20,459:INFO:master_model_container: 20
2022-06-01 10:15:20,459:INFO:display_container: 2
2022-06-01 10:15:20,460:INFO:DummyRegressor(constant=None, quantile=None, strategy='mean')
2022-06-01 10:15:20,460:INFO:create_model() succesfully completed......................................
2022-06-01 10:15:20,853:INFO:SubProcess create_model() end ==================================
2022-06-01 10:15:20,853:INFO:Creating metrics dataframe
2022-06-01 10:15:21,015:INFO:Initializing create_model()
2022-06-01 10:15:21,016:INFO:create_model(estimator=<catboost.core.CatBoostRegressor object at 0x000001F01F224400>, fold=KFold(n_splits=10, random_state=None, shuffle=False), round=4, cross_validation=False, predict=False, fit_kwargs={}, groups=None, refit=True, verbose=False, system=False, metrics=None, experiment_custom_tags=None, add_to_model_list=True, probability_threshold=None, display=None, return_train_score=False, kwargs={})
2022-06-01 10:15:21,017:INFO:Checking exceptions
2022-06-01 10:15:21,018:INFO:Importing libraries
2022-06-01 10:15:21,018:INFO:Copying training dataset
2022-06-01 10:15:21,024:INFO:Defining folds
2022-06-01 10:15:21,024:INFO:Declaring metric variables
2022-06-01 10:15:21,024:INFO:Importing untrained model
2022-06-01 10:15:21,024:INFO:Declaring custom model
2022-06-01 10:15:21,025:INFO:CatBoost Regressor Imported succesfully
2022-06-01 10:15:21,026:INFO:Cross validation set to False
2022-06-01 10:15:21,027:INFO:Fitting Model
2022-06-01 10:15:41,683:INFO:<catboost.core.CatBoostRegressor object at 0x000001F00D0A7D68>
2022-06-01 10:15:41,683:INFO:create_models() succesfully completed......................................
2022-06-01 10:15:41,928:INFO:Creating Dashboard logs
2022-06-01 10:15:41,951:INFO:Model: CatBoost Regressor
2022-06-01 10:15:42,046:INFO:logged params: {'nan_mode': 'Min', 'eval_metric': 'RMSE', 'iterations': 1000, 'sampling_frequency': 'PerTree', 'leaf_estimation_method': 'Newton', 'grow_policy': 'SymmetricTree', 'penalties_coefficient': 1, 'boosting_type': 'Plain', 'model_shrink_mode': 'Constant', 'feature_border_type': 'GreedyLogSum', 'bayesian_matrix_reg': 0.10000000149011612, 'force_unit_auto_pair_weights': False, 'l2_leaf_reg': 3, 'random_strength': 1, 'rsm': 1, 'boost_from_average': True, 'model_size_reg': 0.5, 'pool_metainfo_options': {'tags': {}}, 'subsample': 0.800000011920929, 'use_best_model': False, 'random_seed': 123, 'depth': 6, 'posterior_sampling': False, 'border_count': 254, 'classes_count': 0, 'auto_class_weights': 'None', 'sparse_features_conflict_fraction': 0, 'leaf_estimation_backtracking': 'AnyImprovement', 'best_model_min_trees': 1, 'model_shrink_rate': 0, 'min_data_in_leaf': 1, 'loss_function': 'RMSE', 'learning_rate': 0.07963000237941742, 'score_function': 'Cosine', 'task_type': 'CPU', 'leaf_estimation_iterations': 1, 'bootstrap_type': 'MVS', 'max_leaves': 64}
2022-06-01 10:15:42,262:INFO:Initializing predict_model()
2022-06-01 10:15:42,262:INFO:predict_model(estimator=<catboost.core.CatBoostRegressor object at 0x000001F00D0A7D68>, probability_threshold=None, encoded_labels=False, drift_report=False, raw_score=False, round=4, verbose=False, ml_usecase=None, display=None, drift_kwargs=None)
2022-06-01 10:15:42,262:INFO:Checking exceptions
2022-06-01 10:15:42,262:INFO:Preloading libraries
2022-06-01 10:15:42,690:INFO:SubProcess plot_model() called ==================================
2022-06-01 10:15:42,691:INFO:Initializing plot_model()
2022-06-01 10:15:42,691:INFO:plot_model(fold=None, use_train_data=False, verbose=False, is_in_evaluate=False, display=None, display_format=None, estimator=<catboost.core.CatBoostRegressor object at 0x000001F00D0A7D68>, feature_name=None, fit_kwargs=None, groups=None, label=False, plot=residuals, plot_kwargs=None, save=True, scale=1, system=False)
2022-06-01 10:15:42,691:INFO:Checking exceptions
2022-06-01 10:15:42,693:INFO:Preloading libraries
2022-06-01 10:15:42,701:INFO:Copying training dataset
2022-06-01 10:15:42,705:INFO:Copying test dataset
2022-06-01 10:15:42,707:INFO:Plot type: residuals
2022-06-01 10:15:43,151:INFO:Fitting Model
2022-06-01 10:15:43,766:INFO:Scoring test/hold-out set
2022-06-01 10:15:44,119:INFO:Saving 'Residuals.png'
2022-06-01 10:15:46,646:INFO:Visual Rendered Successfully
2022-06-01 10:15:46,995:INFO:plot_model() succesfully completed......................................
2022-06-01 10:15:47,004:INFO:Initializing plot_model()
2022-06-01 10:15:47,005:INFO:plot_model(fold=None, use_train_data=False, verbose=False, is_in_evaluate=False, display=None, display_format=None, estimator=<catboost.core.CatBoostRegressor object at 0x000001F00D0A7D68>, feature_name=None, fit_kwargs=None, groups=None, label=False, plot=error, plot_kwargs=None, save=True, scale=1, system=False)
2022-06-01 10:15:47,005:INFO:Checking exceptions
2022-06-01 10:15:47,006:INFO:Preloading libraries
2022-06-01 10:15:47,014:INFO:Copying training dataset
2022-06-01 10:15:47,018:INFO:Copying test dataset
2022-06-01 10:15:47,020:INFO:Plot type: error
2022-06-01 10:15:47,027:INFO:Fitting Model
2022-06-01 10:15:47,028:INFO:Scoring test/hold-out set
2022-06-01 10:15:47,224:INFO:Saving 'Prediction Error.png'
2022-06-01 10:15:48,259:INFO:Visual Rendered Successfully
2022-06-01 10:15:48,644:INFO:plot_model() succesfully completed......................................
2022-06-01 10:15:48,654:INFO:Initializing plot_model()
2022-06-01 10:15:48,654:INFO:plot_model(fold=None, use_train_data=False, verbose=False, is_in_evaluate=False, display=None, display_format=None, estimator=<catboost.core.CatBoostRegressor object at 0x000001F00D0A7D68>, feature_name=None, fit_kwargs=None, groups=None, label=False, plot=feature, plot_kwargs=None, save=True, scale=1, system=False)
2022-06-01 10:15:48,654:INFO:Checking exceptions
2022-06-01 10:15:48,655:INFO:Preloading libraries
2022-06-01 10:15:48,662:INFO:Copying training dataset
2022-06-01 10:15:48,669:INFO:Copying test dataset
2022-06-01 10:15:48,672:INFO:Plot type: feature
2022-06-01 10:15:48,678:WARNING:No coef_ found. Trying feature_importances_
2022-06-01 10:15:48,878:INFO:Saving 'Feature Importance.png'
2022-06-01 10:15:49,593:INFO:Visual Rendered Successfully
2022-06-01 10:15:49,886:INFO:plot_model() succesfully completed......................................
2022-06-01 10:15:49,895:INFO:SubProcess plot_model() end ==================================
2022-06-01 10:15:50,501:INFO:Creating Dashboard logs
2022-06-01 10:15:50,570:INFO:Model: Extreme Gradient Boosting
2022-06-01 10:15:50,651:INFO:logged params: {'objective': 'reg:squarederror', 'base_score': None, 'booster': 'gbtree', 'callbacks': None, 'colsample_bylevel': None, 'colsample_bynode': None, 'colsample_bytree': None, 'early_stopping_rounds': None, 'enable_categorical': False, 'eval_metric': None, 'gamma': None, 'gpu_id': None, 'grow_policy': None, 'importance_type': None, 'interaction_constraints': None, 'learning_rate': None, 'max_bin': None, 'max_cat_to_onehot': None, 'max_delta_step': None, 'max_depth': None, 'max_leaves': None, 'min_child_weight': None, 'missing': nan, 'monotone_constraints': None, 'n_estimators': 100, 'n_jobs': -1, 'num_parallel_tree': None, 'predictor': None, 'random_state': 123, 'reg_alpha': None, 'reg_lambda': None, 'sampling_method': None, 'scale_pos_weight': None, 'subsample': None, 'tree_method': 'auto', 'validate_parameters': None, 'verbosity': 0}
2022-06-01 10:15:51,930:INFO:Creating Dashboard logs
2022-06-01 10:15:51,979:INFO:Model: Light Gradient Boosting Machine
2022-06-01 10:15:52,066:INFO:logged params: {'boosting_type': 'gbdt', 'class_weight': None, 'colsample_bytree': 1.0, 'importance_type': 'split', 'learning_rate': 0.1, 'max_depth': -1, 'min_child_samples': 20, 'min_child_weight': 0.001, 'min_split_gain': 0.0, 'n_estimators': 100, 'n_jobs': -1, 'num_leaves': 31, 'objective': None, 'random_state': 123, 'reg_alpha': 0.0, 'reg_lambda': 0.0, 'silent': 'warn', 'subsample': 1.0, 'subsample_for_bin': 200000, 'subsample_freq': 0}
2022-06-01 10:15:53,219:INFO:Creating Dashboard logs
2022-06-01 10:15:53,252:INFO:Model: Random Forest Regressor
2022-06-01 10:15:53,530:INFO:logged params: {'bootstrap': True, 'ccp_alpha': 0.0, 'criterion': 'mse', 'max_depth': None, 'max_features': 'auto', 'max_leaf_nodes': None, 'max_samples': None, 'min_impurity_decrease': 0.0, 'min_impurity_split': None, 'min_samples_leaf': 1, 'min_samples_split': 2, 'min_weight_fraction_leaf': 0.0, 'n_estimators': 100, 'n_jobs': -1, 'oob_score': False, 'random_state': 123, 'verbose': 0, 'warm_start': False}
2022-06-01 10:15:54,666:INFO:Creating Dashboard logs
2022-06-01 10:15:54,694:INFO:Model: Gradient Boosting Regressor
2022-06-01 10:15:54,853:INFO:logged params: {'alpha': 0.9, 'ccp_alpha': 0.0, 'criterion': 'friedman_mse', 'init': None, 'learning_rate': 0.1, 'loss': 'ls', 'max_depth': 3, 'max_features': None, 'max_leaf_nodes': None, 'min_impurity_decrease': 0.0, 'min_impurity_split': None, 'min_samples_leaf': 1, 'min_samples_split': 2, 'min_weight_fraction_leaf': 0.0, 'n_estimators': 100, 'n_iter_no_change': None, 'presort': 'deprecated', 'random_state': 123, 'subsample': 1.0, 'tol': 0.0001, 'validation_fraction': 0.1, 'verbose': 0, 'warm_start': False}
2022-06-01 10:15:55,816:INFO:Creating Dashboard logs
2022-06-01 10:15:55,879:INFO:Model: Extra Trees Regressor
2022-06-01 10:15:55,979:INFO:logged params: {'bootstrap': False, 'ccp_alpha': 0.0, 'criterion': 'mse', 'max_depth': None, 'max_features': 'auto', 'max_leaf_nodes': None, 'max_samples': None, 'min_impurity_decrease': 0.0, 'min_impurity_split': None, 'min_samples_leaf': 1, 'min_samples_split': 2, 'min_weight_fraction_leaf': 0.0, 'n_estimators': 100, 'n_jobs': -1, 'oob_score': False, 'random_state': 123, 'verbose': 0, 'warm_start': False}
2022-06-01 10:15:56,869:INFO:Creating Dashboard logs
2022-06-01 10:15:56,911:INFO:Model: Decision Tree Regressor
2022-06-01 10:15:57,075:INFO:logged params: {'ccp_alpha': 0.0, 'criterion': 'mse', 'max_depth': None, 'max_features': None, 'max_leaf_nodes': None, 'min_impurity_decrease': 0.0, 'min_impurity_split': None, 'min_samples_leaf': 1, 'min_samples_split': 2, 'min_weight_fraction_leaf': 0.0, 'presort': 'deprecated', 'random_state': 123, 'splitter': 'best'}
2022-06-01 10:15:57,833:INFO:Creating Dashboard logs
2022-06-01 10:15:57,856:INFO:Model: AdaBoost Regressor
2022-06-01 10:15:57,959:INFO:logged params: {'base_estimator': None, 'learning_rate': 1.0, 'loss': 'linear', 'n_estimators': 50, 'random_state': 123}
2022-06-01 10:15:58,743:INFO:Creating Dashboard logs
2022-06-01 10:15:58,766:INFO:Model: K Neighbors Regressor
2022-06-01 10:15:58,892:INFO:logged params: {'algorithm': 'auto', 'leaf_size': 30, 'metric': 'minkowski', 'metric_params': None, 'n_jobs': -1, 'n_neighbors': 5, 'p': 2, 'weights': 'uniform'}
2022-06-01 10:15:59,700:INFO:Creating Dashboard logs
2022-06-01 10:15:59,730:INFO:Model: Least Angle Regression
2022-06-01 10:15:59,805:INFO:logged params: {'copy_X': True, 'eps': 2.220446049250313e-16, 'fit_intercept': True, 'fit_path': True, 'jitter': None, 'n_nonzero_coefs': 500, 'normalize': True, 'precompute': 'auto', 'random_state': 123, 'verbose': False}
2022-06-01 10:16:00,713:INFO:Creating Dashboard logs
2022-06-01 10:16:00,760:INFO:Model: Ridge Regression
2022-06-01 10:16:00,893:INFO:logged params: {'alpha': 1.0, 'copy_X': True, 'fit_intercept': True, 'max_iter': None, 'normalize': False, 'random_state': 123, 'solver': 'auto', 'tol': 0.001}
2022-06-01 10:16:01,957:INFO:Creating Dashboard logs
2022-06-01 10:16:01,982:INFO:Model: Bayesian Ridge
2022-06-01 10:16:02,100:INFO:logged params: {'alpha_1': 1e-06, 'alpha_2': 1e-06, 'alpha_init': None, 'compute_score': False, 'copy_X': True, 'fit_intercept': True, 'lambda_1': 1e-06, 'lambda_2': 1e-06, 'lambda_init': None, 'n_iter': 300, 'normalize': False, 'tol': 0.001, 'verbose': False}
2022-06-01 10:16:03,038:INFO:Creating Dashboard logs
2022-06-01 10:16:03,061:INFO:Model: Linear Regression
2022-06-01 10:16:03,197:INFO:logged params: {'copy_X': True, 'fit_intercept': True, 'n_jobs': -1, 'normalize': False}
2022-06-01 10:16:03,944:INFO:Creating Dashboard logs
2022-06-01 10:16:04,001:INFO:Model: Orthogonal Matching Pursuit
2022-06-01 10:16:04,093:INFO:logged params: {'fit_intercept': True, 'n_nonzero_coefs': None, 'normalize': True, 'precompute': 'auto', 'tol': None}
2022-06-01 10:16:04,945:INFO:Creating Dashboard logs
2022-06-01 10:16:04,968:INFO:Model: Huber Regressor
2022-06-01 10:16:05,083:INFO:logged params: {'alpha': 0.0001, 'epsilon': 1.35, 'fit_intercept': True, 'max_iter': 100, 'tol': 1e-05, 'warm_start': False}
2022-06-01 10:16:05,771:INFO:Creating Dashboard logs
2022-06-01 10:16:05,797:INFO:Model: Elastic Net
2022-06-01 10:16:05,899:INFO:logged params: {'alpha': 1.0, 'copy_X': True, 'fit_intercept': True, 'l1_ratio': 0.5, 'max_iter': 1000, 'normalize': False, 'positive': False, 'precompute': False, 'random_state': 123, 'selection': 'cyclic', 'tol': 0.0001, 'warm_start': False}
2022-06-01 10:16:06,668:INFO:Creating Dashboard logs
2022-06-01 10:16:06,693:INFO:Model: Lasso Regression
2022-06-01 10:16:06,778:INFO:logged params: {'alpha': 1.0, 'copy_X': True, 'fit_intercept': True, 'max_iter': 1000, 'normalize': False, 'positive': False, 'precompute': False, 'random_state': 123, 'selection': 'cyclic', 'tol': 0.0001, 'warm_start': False}
2022-06-01 10:16:07,540:INFO:Creating Dashboard logs
2022-06-01 10:16:07,606:INFO:Model: Least Angle Regression
2022-06-01 10:16:07,712:INFO:logged params: {'alpha': 1.0, 'copy_X': True, 'eps': 2.220446049250313e-16, 'fit_intercept': True, 'fit_path': True, 'jitter': None, 'max_iter': 500, 'normalize': True, 'positive': False, 'precompute': 'auto', 'random_state': 123, 'verbose': False}
2022-06-01 10:16:08,630:INFO:Creating Dashboard logs
2022-06-01 10:16:08,707:INFO:Model: Dummy Regressor
2022-06-01 10:16:08,829:INFO:logged params: {'constant': None, 'quantile': None, 'strategy': 'mean'}
2022-06-01 10:16:09,777:INFO:Creating Dashboard logs
2022-06-01 10:16:09,846:INFO:Model: Passive Aggressive Regressor
2022-06-01 10:16:09,928:INFO:logged params: {'C': 1.0, 'average': False, 'early_stopping': False, 'epsilon': 0.1, 'fit_intercept': True, 'loss': 'epsilon_insensitive', 'max_iter': 1000, 'n_iter_no_change': 5, 'random_state': 123, 'shuffle': True, 'tol': 0.001, 'validation_fraction': 0.1, 'verbose': 0, 'warm_start': False}
2022-06-01 10:16:11,012:INFO:create_model_container: 20
2022-06-01 10:16:11,013:INFO:master_model_container: 20
2022-06-01 10:16:11,013:INFO:display_container: 2
2022-06-01 10:16:11,013:INFO:<catboost.core.CatBoostRegressor object at 0x000001F00D0A7D68>
2022-06-01 10:16:11,014:INFO:compare_models() succesfully completed......................................
2022-06-01 10:16:11,493:INFO:Initializing evaluate_model()
2022-06-01 10:16:11,493:INFO:evaluate_model(estimator=<catboost.core.CatBoostRegressor object at 0x000001F00D0A7D68>, fold=None, fit_kwargs=None, plot_kwargs=None, feature_name=None, groups=None, use_train_data=False)
2022-06-01 10:16:11,615:INFO:Initializing plot_model()
2022-06-01 10:16:11,616:INFO:plot_model(fold=KFold(n_splits=10, random_state=None, shuffle=False), use_train_data=False, verbose=True, is_in_evaluate=True, display=None, display_format=None, estimator=<catboost.core.CatBoostRegressor object at 0x000001F00D0A7D68>, feature_name=None, fit_kwargs={}, groups=None, label=False, plot=parameter, plot_kwargs={}, save=False, scale=1, system=True)
2022-06-01 10:16:11,616:INFO:Checking exceptions
2022-06-01 10:16:11,617:INFO:Preparing display monitor
2022-06-01 10:16:11,639:INFO:Preloading libraries
2022-06-01 10:16:11,646:INFO:Copying training dataset
2022-06-01 10:16:11,690:INFO:Copying test dataset
2022-06-01 10:16:11,692:INFO:Plot type: parameter
2022-06-01 10:16:11,793:INFO:Visual Rendered Successfully
2022-06-01 10:16:12,422:INFO:plot_model() succesfully completed......................................
2022-06-01 10:16:12,797:INFO:Initializing predict_model()
2022-06-01 10:16:12,797:INFO:predict_model(estimator=<catboost.core.CatBoostRegressor object at 0x000001F00D0A7D68>, probability_threshold=None, encoded_labels=True, drift_report=False, raw_score=False, round=4, verbose=True, ml_usecase=MLUsecase.REGRESSION, display=None, drift_kwargs=None)
2022-06-01 10:16:12,797:INFO:Checking exceptions
2022-06-01 10:16:12,797:INFO:Preloading libraries
2022-06-01 10:16:12,798:INFO:Preparing display monitor
2022-06-01 10:16:14,246:INFO:Initializing save_model()
2022-06-01 10:16:14,246:INFO:save_model(model=<catboost.core.CatBoostRegressor object at 0x000001F00D0A7D68>, model_name=models/ibese_trip_arrival_prediction_model, prep_pipe_=Pipeline(memory=None,
         steps=[('dtypes',
                 DataTypes_Auto_infer(categorical_features=[],
                                      display_types=True,
                                      features_todrop=['Driver ID',
                                                       'Waybill Date',
                                                       'Actual Arrival Date',
                                                       'Plant'],
                                      id_columns=[], ml_usecase='regression',
                                      numerical_features=[], target='Duration',
                                      time_features=[])),
                ('imputer',
                 Simple_Imputer(categorical_strategy='not_available',
                                fill_value_catego...
                ('P_transform', 'passthrough'), ('binn', 'passthrough'),
                ('rem_outliers', 'passthrough'), ('cluster_all', 'passthrough'),
                ('dummy', Dummify(target='Duration')),
                ('fix_perfect', Remove_100(target='Duration')),
                ('clean_names', Clean_Colum_Names()),
                ('feature_select', 'passthrough'), ('fix_multi', 'passthrough'),
                ('dfs', 'passthrough'), ('pca', 'passthrough')],
         verbose=False), verbose=True, kwargs={})
2022-06-01 10:16:14,247:INFO:Adding model into prep_pipe
2022-06-01 10:16:14,286:INFO:models/ibese_trip_arrival_prediction_model.pkl saved in current working directory
2022-06-01 10:16:14,409:INFO:Pipeline(memory=None,
         steps=[('dtypes',
                 DataTypes_Auto_infer(categorical_features=[],
                                      display_types=True,
                                      features_todrop=['Driver ID',
                                                       'Waybill Date',
                                                       'Actual Arrival Date',
                                                       'Plant'],
                                      id_columns=[], ml_usecase='regression',
                                      numerical_features=[], target='Duration',
                                      time_features=[])),
                ('imputer',
                 Simple_Imputer(categorical_strategy='not_available',
                                fill_value_catego...
                ('rem_outliers', 'passthrough'), ('cluster_all', 'passthrough'),
                ('dummy', Dummify(target='Duration')),
                ('fix_perfect', Remove_100(target='Duration')),
                ('clean_names', Clean_Colum_Names()),
                ('feature_select', 'passthrough'), ('fix_multi', 'passthrough'),
                ('dfs', 'passthrough'), ('pca', 'passthrough'),
                ['trained_model',
                 <catboost.core.CatBoostRegressor object at 0x000001F00D0A7D68>]],
         verbose=False)
2022-06-01 10:16:14,410:INFO:save_model() successfully completed......................................
